16:51:55.294  [main] INFO  com.yiquwuyou.subject.SubjectApplication - Starting SubjectApplication using Java 17.0.9 on LAPTOP-GFFDQ379 with PID 53688 (E:\yiqu-club\yiqu-club\yiqu-club-subject\yiqu-club-starter\target\yiqu-club-starter.jar started by 86136 in E:\yiqu-club\yiqu-club\yiqu-club-subject\yiqu-club-starter\target)
16:51:55.314  [main] INFO  com.yiquwuyou.subject.SubjectApplication - No active profile set, falling back to default profiles: default
16:51:56.778  [main] INFO  org.springframework.boot.web.embedded.tomcat.TomcatWebServer - Tomcat initialized with port(s): 3000 (http)
16:51:56.798  [main] INFO  org.apache.coyote.http11.Http11NioProtocol - Initializing ProtocolHandler ["http-nio-3000"]
16:51:56.798  [main] INFO  org.apache.catalina.core.StandardService - Starting service [Tomcat]
16:51:56.798  [main] INFO  org.apache.catalina.core.StandardEngine - Starting Servlet engine: [Apache Tomcat/9.0.41]
16:51:56.920  [main] INFO  org.apache.catalina.core.ContainerBase.[Tomcat].[localhost].[/] - Initializing Spring embedded WebApplicationContext
16:51:56.920  [main] INFO  org.springframework.boot.web.servlet.context.ServletWebServerApplicationContext - Root WebApplicationContext: initialization completed in 1551 ms
16:51:57.154  [main] INFO  com.alibaba.druid.spring.boot.autoconfigure.DruidDataSourceAutoConfigure - Init DruidDataSource
16:51:58.275  [main] INFO  com.alibaba.druid.pool.DruidDataSource - {dataSource-1} inited
16:51:59.203  [main] INFO  org.apache.coyote.http11.Http11NioProtocol - Starting ProtocolHandler ["http-nio-3000"]
16:51:59.260  [main] INFO  org.springframework.boot.web.embedded.tomcat.TomcatWebServer - Tomcat started on port(s): 3000 (http) with context path ''
16:51:59.277  [main] INFO  com.yiquwuyou.subject.SubjectApplication - Started SubjectApplication in 4.465 seconds (JVM running for 5.535)
16:52:00.979  [http-nio-3000-exec-1] INFO  org.apache.catalina.core.ContainerBase.[Tomcat].[localhost].[/] - Initializing Spring DispatcherServlet 'dispatcherServlet'
16:52:00.980  [http-nio-3000-exec-1] INFO  org.springframework.web.servlet.DispatcherServlet - Initializing Servlet 'dispatcherServlet'
16:52:00.980  [http-nio-3000-exec-1] INFO  org.springframework.web.servlet.DispatcherServlet - Completed initialization in 0 ms
16:52:01.159  [http-nio-3000-exec-1] INFO  com.yiquwuyou.subject.application.controller.SubjectCategoryController - SubjectCategoryController.add.dto: {"categoryName":"»º´æ","categoryType":1,"imageUrl":"https://image/category.icon","parentId":0}
16:52:01.171  [http-nio-3000-exec-1] INFO  com.yiquwuyou.subject.application.controller.SubjectCategoryController - subjectCategoryDTO.getCategoryName(), »º´æ, false
16:52:01.178  [http-nio-3000-exec-1] INFO  com.yiquwuyou.subject.domain.service.impl.SubjectCategoryDomainServiceImpl - SubjectCategoryController.add.bo: {"categoryName":"»º´æ","categoryType":1,"imageUrl":"https://image/category.icon","parentId":0}
16:52:01.182  [http-nio-3000-exec-1] INFO  com.yiquwuyou.subject.infra.basic.service.impl.SubjectCategoryServiceImpl - SubjectCategoryController.add.subjectCategory: {"categoryName":"»º´æ","categoryType":1,"imageUrl":"https://image/category.icon","parentId":0}
16:52:01.202  [http-nio-3000-exec-1] INFO  sys-sql - parameter = SubjectCategory(id=null, categoryName=»º´æ, categoryType=1, imageUrl=https://image/category.icon, parentId=0, createdBy=null, createdTime=null, updateBy=null, updateTime=null, isDeleted=null)
16:52:01.202  [http-nio-3000-exec-1] INFO  sys-sql - sqlId = com.yiquwuyou.subject.infra.basic.mapper.SubjectCategoryDao.insert
16:52:01.205  [http-nio-3000-exec-1] INFO  sys-sql - ÍêÕûµÄsql:com.yiquwuyou.subject.infra.basic.mapper.SubjectCategoryDao.insert:insert into subject_category(category_name, category_type, image_url, parent_id, created_by, created_time, update_by, update_time, is_deleted) values ('»º´æ', 1, 'https://image/category.icon', 0, , , , , )
